[ 2015-01-18T23:55:51+08:00 ] 118.113.185.252 /index.php?g=&m=aboutus&a=index&id=10
INFO: [ app_init ] --START--
INFO: Run Behavior\BuildLiteBehavior [ RunTime:0.000011s ]
INFO: [ app_init ] --END-- [ RunTime:0.000081s ]
INFO: [ app_begin ] --START--
INFO: Run Behavior\ReadHtmlCacheBehavior [ RunTime:0.000070s ]
SQL: SHOW COLUMNS FROM `weixin_ipban` [ RunTime:0.0008s ]
SQL: DELETE FROM `weixin_ipban` WHERE ( expires_time <> 0 AND expires_time < 1421596551 ) [ RunTime:0.0003s ]
SQL: SELECT COUNT(*) AS tp_count FROM `weixin_ipban` WHERE `type` = 'ip' AND `name` = '118.113.185.252' LIMIT 1   [ RunTime:0.0003s ]
INFO: Run Common\Behavior\CheckIpbanBehavior [ RunTime:0.003660s ]
INFO: Run Common\Behavior\LoadLangBehavior [ RunTime:0.000275s ]
INFO: [ app_begin ] --END-- [ RunTime:0.004067s ]
SQL: SHOW COLUMNS FROM `weixin_article_page` [ RunTime:0.0006s ]
SQL: SELECT * FROM `weixin_article_page` WHERE `cate_id` = 10 LIMIT 1   [ RunTime:0.0004s ]
INFO: [ view_parse ] --START--
INFO: [ template_filter ] --START--
INFO: Run Behavior\ContentReplaceBehavior [ RunTime:0.000032s ]
INFO: [ template_filter ] --END-- [ RunTime:0.000062s ]
INFO: Run Behavior\ParseTemplateBehavior [ RunTime:0.003661s ]
INFO: [ view_parse ] --END-- [ RunTime:0.003693s ]
INFO: [ view_filter ] --START--
INFO: Run Behavior\WriteHtmlCacheBehavior [ RunTime:0.000068s ]
INFO: Run Common\Behavior\ContentReplaceBehavior [ RunTime:0.000120s ]
INFO: [ view_filter ] --END-- [ RunTime:0.000228s ]
INFO: [ app_end ] --START--
INFO: Run Behavior\ShowPageTraceBehavior [ RunTime:0.000080s ]
INFO: [ app_end ] --END-- [ RunTime:0.000105s ]

[ 2015-01-18T23:56:33+08:00 ] 118.113.185.252 /index.php?g=&m=aboutus&a=index&id=12
INFO: [ app_init ] --START--
INFO: Run Behavior\BuildLiteBehavior [ RunTime:0.000011s ]
INFO: [ app_init ] --END-- [ RunTime:0.000083s ]
INFO: [ app_begin ] --START--
INFO: Run Behavior\ReadHtmlCacheBehavior [ RunTime:0.000070s ]
SQL: SHOW COLUMNS FROM `weixin_ipban` [ RunTime:0.0007s ]
SQL: DELETE FROM `weixin_ipban` WHERE ( expires_time <> 0 AND expires_time < 1421596593 ) [ RunTime:0.0003s ]
SQL: SELECT COUNT(*) AS tp_count FROM `weixin_ipban` WHERE `type` = 'ip' AND `name` = '118.113.185.252' LIMIT 1   [ RunTime:0.0003s ]
INFO: Run Common\Behavior\CheckIpbanBehavior [ RunTime:0.003479s ]
INFO: Run Common\Behavior\LoadLangBehavior [ RunTime:0.000364s ]
INFO: [ app_begin ] --END-- [ RunTime:0.003977s ]
SQL: SHOW COLUMNS FROM `weixin_article_page` [ RunTime:0.0007s ]
SQL: SELECT * FROM `weixin_article_page` WHERE `cate_id` = 12 LIMIT 1   [ RunTime:0.0004s ]
INFO: [ view_parse ] --START--
INFO: [ template_filter ] --START--
INFO: Run Behavior\ContentReplaceBehavior [ RunTime:0.000033s ]
INFO: [ template_filter ] --END-- [ RunTime:0.000064s ]
INFO: Run Behavior\ParseTemplateBehavior [ RunTime:0.003885s ]
INFO: [ view_parse ] --END-- [ RunTime:0.003917s ]
INFO: [ view_filter ] --START--
INFO: Run Behavior\WriteHtmlCacheBehavior [ RunTime:0.000068s ]
INFO: Run Common\Behavior\ContentReplaceBehavior [ RunTime:0.000148s ]
INFO: [ view_filter ] --END-- [ RunTime:0.000258s ]
INFO: [ app_end ] --START--
INFO: Run Behavior\ShowPageTraceBehavior [ RunTime:0.000070s ]
INFO: [ app_end ] --END-- [ RunTime:0.000094s ]

[ 2015-01-18T23:57:05+08:00 ] 118.113.185.252 /index.php?g=&m=cate&a=showallcategories
INFO: [ app_init ] --START--
INFO: Run Behavior\BuildLiteBehavior [ RunTime:0.000011s ]
INFO: [ app_init ] --END-- [ RunTime:0.000080s ]
INFO: [ app_begin ] --START--
INFO: Run Behavior\ReadHtmlCacheBehavior [ RunTime:0.000068s ]
SQL: SHOW COLUMNS FROM `weixin_ipban` [ RunTime:0.0008s ]
SQL: DELETE FROM `weixin_ipban` WHERE ( expires_time <> 0 AND expires_time < 1421596625 ) [ RunTime:0.0003s ]
SQL: SELECT COUNT(*) AS tp_count FROM `weixin_ipban` WHERE `type` = 'ip' AND `name` = '118.113.185.252' LIMIT 1   [ RunTime:0.0003s ]
INFO: Run Common\Behavior\CheckIpbanBehavior [ RunTime:0.003641s ]
INFO: Run Common\Behavior\LoadLangBehavior [ RunTime:0.000270s ]
INFO: [ app_begin ] --END-- [ RunTime:0.004043s ]
SQL: SHOW COLUMNS FROM `weixin_item_cate` [ RunTime:0.0009s ]
SQL: SELECT * FROM `weixin_item_cate` WHERE `pid` = 0 ORDER BY ordid DESC,id ASC  [ RunTime:0.0005s ]
SQL: SELECT * FROM `weixin_item_cate` WHERE `pid` = 344 ORDER BY ordid DESC,id ASC  [ RunTime:0.0004s ]
SQL: SELECT * FROM `weixin_item_cate` WHERE `pid` = 351 ORDER BY ordid DESC,id ASC  [ RunTime:0.0005s ]
SQL: SELECT * FROM `weixin_item_cate` WHERE `pid` = 352 ORDER BY ordid DESC,id ASC  [ RunTime:0.0004s ]
SQL: SELECT * FROM `weixin_item_cate` WHERE `pid` = 354 ORDER BY ordid DESC,id ASC  [ RunTime:0.0004s ]
SQL: SELECT * FROM `weixin_item_cate` WHERE `pid` = 342 ORDER BY ordid DESC,id ASC  [ RunTime:0.0004s ]
SQL: SELECT * FROM `weixin_item_cate` WHERE `pid` = 346 ORDER BY ordid DESC,id ASC  [ RunTime:0.0004s ]
SQL: SELECT * FROM `weixin_item_cate` WHERE `pid` = 347 ORDER BY ordid DESC,id ASC  [ RunTime:0.0004s ]
SQL: SELECT * FROM `weixin_item_cate` WHERE `pid` = 348 ORDER BY ordid DESC,id ASC  [ RunTime:0.0004s ]
SQL: SELECT * FROM `weixin_item_cate` WHERE `pid` = 343 ORDER BY ordid DESC,id ASC  [ RunTime:0.0005s ]
SQL: SELECT * FROM `weixin_item_cate` WHERE `pid` = 356 ORDER BY ordid DESC,id ASC  [ RunTime:0.0004s ]
SQL: SELECT * FROM `weixin_item_cate` WHERE `pid` = 364 ORDER BY ordid DESC,id ASC  [ RunTime:0.0004s ]
INFO: [ view_parse ] --START--
INFO: [ template_filter ] --START--
INFO: Run Behavior\ContentReplaceBehavior [ RunTime:0.000037s ]
INFO: [ template_filter ] --END-- [ RunTime:0.000067s ]
SQL: SHOW COLUMNS FROM `weixin_item` [ RunTime:0.0012s ]
SQL: SHOW COLUMNS FROM `weixin_item_cate` [ RunTime:0.0009s ]
SQL: SELECT `spid` FROM `weixin_item_cate` WHERE `id` = 344 LIMIT 1   [ RunTime:0.0003s ]
SQL: SELECT `id` FROM `weixin_item_cate` WHERE `spid` LIKE '344|%'  [ RunTime:0.0003s ]
SQL: SELECT * FROM `weixin_item` WHERE `status` = 1 AND `cate_id` IN ('351','352','354','358','359','360','361',344) ORDER BY ordid,id DESC LIMIT 8   [ RunTime:0.0011s ]
INFO: Run Behavior\ParseTemplateBehavior [ RunTime:0.011065s ]
INFO: [ view_parse ] --END-- [ RunTime:0.011097s ]
INFO: [ view_filter ] --START--
INFO: Run Behavior\WriteHtmlCacheBehavior [ RunTime:0.000071s ]
INFO: Run Common\Behavior\ContentReplaceBehavior [ RunTime:0.000125s ]
INFO: [ view_filter ] --END-- [ RunTime:0.000236s ]
INFO: [ app_end ] --START--
INFO: Run Behavior\ShowPageTraceBehavior [ RunTime:0.000072s ]
INFO: [ app_end ] --END-- [ RunTime:0.000101s ]

[ 2015-01-18T23:57:10+08:00 ] 118.113.185.252 /index.php?g=&m=cate&a=showsubcategories&cid=356
INFO: [ app_init ] --START--
INFO: Run Behavior\BuildLiteBehavior [ RunTime:0.000011s ]
INFO: [ app_init ] --END-- [ RunTime:0.000082s ]
INFO: [ app_begin ] --START--
INFO: Run Behavior\ReadHtmlCacheBehavior [ RunTime:0.000068s ]
SQL: SHOW COLUMNS FROM `weixin_ipban` [ RunTime:0.0008s ]
SQL: DELETE FROM `weixin_ipban` WHERE ( expires_time <> 0 AND expires_time < 1421596630 ) [ RunTime:0.0005s ]
SQL: SELECT COUNT(*) AS tp_count FROM `weixin_ipban` WHERE `type` = 'ip' AND `name` = '118.113.185.252' LIMIT 1   [ RunTime:0.0003s ]
INFO: Run Common\Behavior\CheckIpbanBehavior [ RunTime:0.003693s ]
INFO: Run Common\Behavior\LoadLangBehavior [ RunTime:0.000280s ]
INFO: [ app_begin ] --END-- [ RunTime:0.004106s ]
SQL: SHOW COLUMNS FROM `weixin_item_cate` [ RunTime:0.0009s ]
SQL: SELECT * FROM `weixin_item_cate` WHERE `id` = 356 LIMIT 1   [ RunTime:0.0005s ]
SQL: SELECT * FROM `weixin_item_cate` WHERE `pid` = 356 ORDER BY ordid DESC,id ASC  [ RunTime:0.0004s ]
SQL: SELECT * FROM `weixin_item_cate` WHERE `pid` = 362 ORDER BY ordid DESC,id ASC  [ RunTime:0.0004s ]
SQL: SELECT * FROM `weixin_item_cate` WHERE `pid` = 363 ORDER BY ordid DESC,id ASC  [ RunTime:0.0005s ]
INFO: [ view_parse ] --START--
INFO: [ template_filter ] --START--
INFO: Run Behavior\ContentReplaceBehavior [ RunTime:0.000046s ]
INFO: [ template_filter ] --END-- [ RunTime:0.000081s ]
SQL: SHOW COLUMNS FROM `weixin_item` [ RunTime:0.0014s ]
SQL: SHOW COLUMNS FROM `weixin_item_cate` [ RunTime:0.0011s ]
SQL: SELECT `spid` FROM `weixin_item_cate` WHERE `id` = 356 LIMIT 1   [ RunTime:0.0010s ]
SQL: SELECT `id` FROM `weixin_item_cate` WHERE `spid` LIKE '343|356|%'  [ RunTime:0.0003s ]
SQL: SELECT * FROM `weixin_item` WHERE `status` = 1 AND `cate_id` IN ('362','363',356) ORDER BY ordid,id DESC LIMIT 8   [ RunTime:0.0013s ]
INFO: Run Behavior\ParseTemplateBehavior [ RunTime:0.013134s ]
INFO: [ view_parse ] --END-- [ RunTime:0.013168s ]
INFO: [ view_filter ] --START--
INFO: Run Behavior\WriteHtmlCacheBehavior [ RunTime:0.000085s ]
INFO: Run Common\Behavior\ContentReplaceBehavior [ RunTime:0.000145s ]
INFO: [ view_filter ] --END-- [ RunTime:0.000272s ]
INFO: [ app_end ] --START--
INFO: Run Behavior\ShowPageTraceBehavior [ RunTime:0.000083s ]
INFO: [ app_end ] --END-- [ RunTime:0.000122s ]

