[ 2015-01-19T23:36:35+08:00 ] 221.7.51.158 /
INFO: [ app_init ] --START--
INFO: Run Behavior\BuildLiteBehavior [ RunTime:0.000011s ]
INFO: [ app_init ] --END-- [ RunTime:0.000082s ]
INFO: [ app_begin ] --START--
INFO: Run Behavior\ReadHtmlCacheBehavior [ RunTime:0.000070s ]
SQL: SHOW COLUMNS FROM `weixin_ipban` [ RunTime:0.0007s ]
SQL: DELETE FROM `weixin_ipban` WHERE ( expires_time <> 0 AND expires_time < 1421681795 ) [ RunTime:0.0003s ]
SQL: SELECT COUNT(*) AS tp_count FROM `weixin_ipban` WHERE `type` = 'ip' AND `name` = '221.7.51.158' LIMIT 1   [ RunTime:0.0003s ]
INFO: Run Common\Behavior\CheckIpbanBehavior [ RunTime:0.003454s ]
INFO: Run Common\Behavior\LoadLangBehavior [ RunTime:0.000297s ]
INFO: [ app_begin ] --END-- [ RunTime:0.003893s ]
SQL: SHOW COLUMNS FROM `weixin_ad` [ RunTime:0.0008s ]
SQL: SELECT `url`,`content`,`desc` FROM `weixin_ad` WHERE ( board_id=1 and status=1 ) ORDER BY ordid asc  [ RunTime:0.0003s ]
SQL: SHOW COLUMNS FROM `weixin_item` [ RunTime:0.0013s ]
SQL: SELECT * FROM `weixin_item` WHERE `status` = 1 AND `news` = 1 ORDER BY ordid DESC LIMIT 6   [ RunTime:0.0008s ]
SQL: SELECT * FROM `weixin_item` WHERE `status` = 1 AND `tuijian` = 1 ORDER BY ordid DESC LIMIT 4   [ RunTime:0.0007s ]
SQL: SELECT * FROM `weixin_item` WHERE `status` = 1 AND `is_xiangou` = 1 ORDER BY ordid DESC LIMIT 4   [ RunTime:0.0007s ]
SQL: SELECT * FROM `weixin_item` WHERE `status` = 1 ORDER BY ordid DESC  [ RunTime:0.0086s ]
SQL: SHOW COLUMNS FROM `weixin_item_cate` [ RunTime:0.0009s ]
SQL: SELECT * FROM `weixin_item_cate` WHERE `pid` = 0 ORDER BY ordid DESC,id ASC  [ RunTime:0.0004s ]
SQL: SELECT * FROM `weixin_item_cate` WHERE `pid` = 344 ORDER BY ordid DESC,id ASC  [ RunTime:0.0004s ]
SQL: SELECT * FROM `weixin_item_cate` WHERE `pid` = 351 ORDER BY ordid DESC,id ASC  [ RunTime:0.0004s ]
SQL: SELECT * FROM `weixin_item_cate` WHERE `pid` = 352 ORDER BY ordid DESC,id ASC  [ RunTime:0.0003s ]
SQL: SELECT * FROM `weixin_item_cate` WHERE `pid` = 354 ORDER BY ordid DESC,id ASC  [ RunTime:0.0004s ]
SQL: SELECT * FROM `weixin_item_cate` WHERE `pid` = 342 ORDER BY ordid DESC,id ASC  [ RunTime:0.0004s ]
SQL: SELECT * FROM `weixin_item_cate` WHERE `pid` = 346 ORDER BY ordid DESC,id ASC  [ RunTime:0.0004s ]
SQL: SELECT * FROM `weixin_item_cate` WHERE `pid` = 347 ORDER BY ordid DESC,id ASC  [ RunTime:0.0004s ]
SQL: SELECT * FROM `weixin_item_cate` WHERE `pid` = 348 ORDER BY ordid DESC,id ASC  [ RunTime:0.0004s ]
SQL: SELECT * FROM `weixin_item_cate` WHERE `pid` = 343 ORDER BY ordid DESC,id ASC  [ RunTime:0.0004s ]
SQL: SELECT * FROM `weixin_item_cate` WHERE `pid` = 356 ORDER BY ordid DESC,id ASC  [ RunTime:0.0004s ]
SQL: SELECT * FROM `weixin_item_cate` WHERE `pid` = 364 ORDER BY ordid DESC,id ASC  [ RunTime:0.0004s ]
INFO: [ view_parse ] --START--
INFO: [ template_filter ] --START--
INFO: Run Behavior\ContentReplaceBehavior [ RunTime:0.000059s ]
INFO: [ template_filter ] --END-- [ RunTime:0.000092s ]
SQL: SHOW COLUMNS FROM `weixin_item_cate` [ RunTime:0.0009s ]
SQL: SELECT `spid` FROM `weixin_item_cate` WHERE `id` = 351 LIMIT 1   [ RunTime:0.0003s ]
SQL: SELECT `id` FROM `weixin_item_cate` WHERE `spid` LIKE '344|351|%'  [ RunTime:0.0003s ]
SQL: SELECT * FROM `weixin_item` WHERE `status` = 1 AND `cate_id` IN ('358','359','360','361',351) ORDER BY ordid,id DESC LIMIT 8   [ RunTime:0.0008s ]
SQL: SELECT `spid` FROM `weixin_item_cate` WHERE `id` = 352 LIMIT 1   [ RunTime:0.0003s ]
SQL: SELECT `id` FROM `weixin_item_cate` WHERE `spid` LIKE '344|352|%'  [ RunTime:0.0003s ]
NOTIC: [2] Invalid argument supplied for foreach() /home/maoyan.in/public_html/Application/Common/Model/ItemCateModel.class.php 第 36 行.
SQL: SELECT * FROM `weixin_item` WHERE `status` = 1 AND `cate_id` IN (352) ORDER BY ordid,id DESC LIMIT 8   [ RunTime:0.0007s ]
SQL: SELECT `spid` FROM `weixin_item_cate` WHERE `id` = 354 LIMIT 1   [ RunTime:0.0004s ]
SQL: SELECT `id` FROM `weixin_item_cate` WHERE `spid` LIKE '344|354|%'  [ RunTime:0.0003s ]
NOTIC: [2] Invalid argument supplied for foreach() /home/maoyan.in/public_html/Application/Common/Model/ItemCateModel.class.php 第 36 行.
SQL: SELECT * FROM `weixin_item` WHERE `status` = 1 AND `cate_id` IN (354) ORDER BY ordid,id DESC LIMIT 8   [ RunTime:0.0008s ]
SQL: SELECT `spid` FROM `weixin_item_cate` WHERE `id` = 346 LIMIT 1   [ RunTime:0.0003s ]
SQL: SELECT `id` FROM `weixin_item_cate` WHERE `spid` LIKE '342|346|%'  [ RunTime:0.0003s ]
NOTIC: [2] Invalid argument supplied for foreach() /home/maoyan.in/public_html/Application/Common/Model/ItemCateModel.class.php 第 36 行.
SQL: SELECT * FROM `weixin_item` WHERE `status` = 1 AND `cate_id` IN (346) ORDER BY ordid,id DESC LIMIT 8   [ RunTime:0.0008s ]
SQL: SELECT `spid` FROM `weixin_item_cate` WHERE `id` = 347 LIMIT 1   [ RunTime:0.0003s ]
SQL: SELECT `id` FROM `weixin_item_cate` WHERE `spid` LIKE '342|347|%'  [ RunTime:0.0003s ]
NOTIC: [2] Invalid argument supplied for foreach() /home/maoyan.in/public_html/Application/Common/Model/ItemCateModel.class.php 第 36 行.
SQL: SELECT * FROM `weixin_item` WHERE `status` = 1 AND `cate_id` IN (347) ORDER BY ordid,id DESC LIMIT 8   [ RunTime:0.0007s ]
SQL: SELECT `spid` FROM `weixin_item_cate` WHERE `id` = 348 LIMIT 1   [ RunTime:0.0003s ]
SQL: SELECT `id` FROM `weixin_item_cate` WHERE `spid` LIKE '342|348|%'  [ RunTime:0.0003s ]
NOTIC: [2] Invalid argument supplied for foreach() /home/maoyan.in/public_html/Application/Common/Model/ItemCateModel.class.php 第 36 行.
SQL: SELECT * FROM `weixin_item` WHERE `status` = 1 AND `cate_id` IN (348) ORDER BY ordid,id DESC LIMIT 8   [ RunTime:0.0005s ]
SQL: SELECT `spid` FROM `weixin_item_cate` WHERE `id` = 356 LIMIT 1   [ RunTime:0.0003s ]
SQL: SELECT `id` FROM `weixin_item_cate` WHERE `spid` LIKE '343|356|%'  [ RunTime:0.0003s ]
SQL: SELECT * FROM `weixin_item` WHERE `status` = 1 AND `cate_id` IN ('362','363',356) ORDER BY ordid,id DESC LIMIT 8   [ RunTime:0.0009s ]
SQL: SELECT `spid` FROM `weixin_item_cate` WHERE `id` = 364 LIMIT 1   [ RunTime:0.0003s ]
SQL: SELECT `id` FROM `weixin_item_cate` WHERE `spid` LIKE '343|364|%'  [ RunTime:0.0003s ]
SQL: SELECT * FROM `weixin_item` WHERE `status` = 1 AND `cate_id` IN ('365','366','367',364) ORDER BY ordid,id DESC LIMIT 8   [ RunTime:0.0008s ]
INFO: Run Behavior\ParseTemplateBehavior [ RunTime:0.032251s ]
INFO: [ view_parse ] --END-- [ RunTime:0.032285s ]
INFO: [ view_filter ] --START--
INFO: Run Behavior\WriteHtmlCacheBehavior [ RunTime:0.000073s ]
INFO: Run Common\Behavior\ContentReplaceBehavior [ RunTime:0.000170s ]
INFO: [ view_filter ] --END-- [ RunTime:0.000287s ]
INFO: [ app_end ] --START--
INFO: Run Behavior\ShowPageTraceBehavior [ RunTime:0.000075s ]
INFO: [ app_end ] --END-- [ RunTime:0.000105s ]

[ 2015-01-19T23:39:08+08:00 ] 123.125.71.18 /
INFO: [ app_init ] --START--
INFO: Run Behavior\BuildLiteBehavior [ RunTime:0.000011s ]
INFO: [ app_init ] --END-- [ RunTime:0.000082s ]
INFO: [ app_begin ] --START--
INFO: Run Behavior\ReadHtmlCacheBehavior [ RunTime:0.000072s ]
SQL: SHOW COLUMNS FROM `weixin_ipban` [ RunTime:0.0007s ]
SQL: DELETE FROM `weixin_ipban` WHERE ( expires_time <> 0 AND expires_time < 1421681948 ) [ RunTime:0.0003s ]
SQL: SELECT COUNT(*) AS tp_count FROM `weixin_ipban` WHERE `type` = 'ip' AND `name` = '123.125.71.18' LIMIT 1   [ RunTime:0.0003s ]
INFO: Run Common\Behavior\CheckIpbanBehavior [ RunTime:0.003752s ]
INFO: Run Common\Behavior\LoadLangBehavior [ RunTime:0.000310s ]
INFO: [ app_begin ] --END-- [ RunTime:0.004197s ]
SQL: SHOW COLUMNS FROM `weixin_ad` [ RunTime:0.0009s ]
SQL: SELECT `url`,`content`,`desc` FROM `weixin_ad` WHERE ( board_id=1 and status=1 ) ORDER BY ordid asc  [ RunTime:0.0004s ]
SQL: SHOW COLUMNS FROM `weixin_item` [ RunTime:0.0013s ]
SQL: SELECT * FROM `weixin_item` WHERE `status` = 1 AND `news` = 1 ORDER BY ordid DESC LIMIT 6   [ RunTime:0.0008s ]
SQL: SELECT * FROM `weixin_item` WHERE `status` = 1 AND `tuijian` = 1 ORDER BY ordid DESC LIMIT 4   [ RunTime:0.0008s ]
SQL: SELECT * FROM `weixin_item` WHERE `status` = 1 AND `is_xiangou` = 1 ORDER BY ordid DESC LIMIT 4   [ RunTime:0.0008s ]
SQL: SELECT * FROM `weixin_item` WHERE `status` = 1 ORDER BY ordid DESC  [ RunTime:0.0080s ]
SQL: SHOW COLUMNS FROM `weixin_item_cate` [ RunTime:0.0012s ]
SQL: SELECT * FROM `weixin_item_cate` WHERE `pid` = 0 ORDER BY ordid DESC,id ASC  [ RunTime:0.0005s ]
SQL: SELECT * FROM `weixin_item_cate` WHERE `pid` = 344 ORDER BY ordid DESC,id ASC  [ RunTime:0.0004s ]
SQL: SELECT * FROM `weixin_item_cate` WHERE `pid` = 351 ORDER BY ordid DESC,id ASC  [ RunTime:0.0005s ]
SQL: SELECT * FROM `weixin_item_cate` WHERE `pid` = 352 ORDER BY ordid DESC,id ASC  [ RunTime:0.0004s ]
SQL: SELECT * FROM `weixin_item_cate` WHERE `pid` = 354 ORDER BY ordid DESC,id ASC  [ RunTime:0.0004s ]
SQL: SELECT * FROM `weixin_item_cate` WHERE `pid` = 342 ORDER BY ordid DESC,id ASC  [ RunTime:0.0004s ]
SQL: SELECT * FROM `weixin_item_cate` WHERE `pid` = 346 ORDER BY ordid DESC,id ASC  [ RunTime:0.0004s ]
SQL: SELECT * FROM `weixin_item_cate` WHERE `pid` = 347 ORDER BY ordid DESC,id ASC  [ RunTime:0.0004s ]
SQL: SELECT * FROM `weixin_item_cate` WHERE `pid` = 348 ORDER BY ordid DESC,id ASC  [ RunTime:0.0003s ]
SQL: SELECT * FROM `weixin_item_cate` WHERE `pid` = 343 ORDER BY ordid DESC,id ASC  [ RunTime:0.0004s ]
SQL: SELECT * FROM `weixin_item_cate` WHERE `pid` = 356 ORDER BY ordid DESC,id ASC  [ RunTime:0.0004s ]
SQL: SELECT * FROM `weixin_item_cate` WHERE `pid` = 364 ORDER BY ordid DESC,id ASC  [ RunTime:0.0004s ]
INFO: [ view_parse ] --START--
INFO: [ template_filter ] --START--
INFO: Run Behavior\ContentReplaceBehavior [ RunTime:0.000061s ]
INFO: [ template_filter ] --END-- [ RunTime:0.000095s ]
SQL: SHOW COLUMNS FROM `weixin_item_cate` [ RunTime:0.0012s ]
SQL: SELECT `spid` FROM `weixin_item_cate` WHERE `id` = 351 LIMIT 1   [ RunTime:0.0004s ]
SQL: SELECT `id` FROM `weixin_item_cate` WHERE `spid` LIKE '344|351|%'  [ RunTime:0.0003s ]
SQL: SELECT * FROM `weixin_item` WHERE `status` = 1 AND `cate_id` IN ('358','359','360','361',351) ORDER BY ordid,id DESC LIMIT 8   [ RunTime:0.0009s ]
SQL: SELECT `spid` FROM `weixin_item_cate` WHERE `id` = 352 LIMIT 1   [ RunTime:0.0003s ]
SQL: SELECT `id` FROM `weixin_item_cate` WHERE `spid` LIKE '344|352|%'  [ RunTime:0.0003s ]
NOTIC: [2] Invalid argument supplied for foreach() /home/maoyan.in/public_html/Application/Common/Model/ItemCateModel.class.php 第 36 行.
SQL: SELECT * FROM `weixin_item` WHERE `status` = 1 AND `cate_id` IN (352) ORDER BY ordid,id DESC LIMIT 8   [ RunTime:0.0007s ]
SQL: SELECT `spid` FROM `weixin_item_cate` WHERE `id` = 354 LIMIT 1   [ RunTime:0.0003s ]
SQL: SELECT `id` FROM `weixin_item_cate` WHERE `spid` LIKE '344|354|%'  [ RunTime:0.0003s ]
NOTIC: [2] Invalid argument supplied for foreach() /home/maoyan.in/public_html/Application/Common/Model/ItemCateModel.class.php 第 36 行.
SQL: SELECT * FROM `weixin_item` WHERE `status` = 1 AND `cate_id` IN (354) ORDER BY ordid,id DESC LIMIT 8   [ RunTime:0.0008s ]
SQL: SELECT `spid` FROM `weixin_item_cate` WHERE `id` = 346 LIMIT 1   [ RunTime:0.0003s ]
SQL: SELECT `id` FROM `weixin_item_cate` WHERE `spid` LIKE '342|346|%'  [ RunTime:0.0003s ]
NOTIC: [2] Invalid argument supplied for foreach() /home/maoyan.in/public_html/Application/Common/Model/ItemCateModel.class.php 第 36 行.
SQL: SELECT * FROM `weixin_item` WHERE `status` = 1 AND `cate_id` IN (346) ORDER BY ordid,id DESC LIMIT 8   [ RunTime:0.0008s ]
SQL: SELECT `spid` FROM `weixin_item_cate` WHERE `id` = 347 LIMIT 1   [ RunTime:0.0003s ]
SQL: SELECT `id` FROM `weixin_item_cate` WHERE `spid` LIKE '342|347|%'  [ RunTime:0.0003s ]
NOTIC: [2] Invalid argument supplied for foreach() /home/maoyan.in/public_html/Application/Common/Model/ItemCateModel.class.php 第 36 行.
SQL: SELECT * FROM `weixin_item` WHERE `status` = 1 AND `cate_id` IN (347) ORDER BY ordid,id DESC LIMIT 8   [ RunTime:0.0008s ]
SQL: SELECT `spid` FROM `weixin_item_cate` WHERE `id` = 348 LIMIT 1   [ RunTime:0.0003s ]
SQL: SELECT `id` FROM `weixin_item_cate` WHERE `spid` LIKE '342|348|%'  [ RunTime:0.0003s ]
NOTIC: [2] Invalid argument supplied for foreach() /home/maoyan.in/public_html/Application/Common/Model/ItemCateModel.class.php 第 36 行.
SQL: SELECT * FROM `weixin_item` WHERE `status` = 1 AND `cate_id` IN (348) ORDER BY ordid,id DESC LIMIT 8   [ RunTime:0.0006s ]
SQL: SELECT `spid` FROM `weixin_item_cate` WHERE `id` = 356 LIMIT 1   [ RunTime:0.0003s ]
SQL: SELECT `id` FROM `weixin_item_cate` WHERE `spid` LIKE '343|356|%'  [ RunTime:0.0003s ]
SQL: SELECT * FROM `weixin_item` WHERE `status` = 1 AND `cate_id` IN ('362','363',356) ORDER BY ordid,id DESC LIMIT 8   [ RunTime:0.0010s ]
SQL: SELECT `spid` FROM `weixin_item_cate` WHERE `id` = 364 LIMIT 1   [ RunTime:0.0003s ]
SQL: SELECT `id` FROM `weixin_item_cate` WHERE `spid` LIKE '343|364|%'  [ RunTime:0.0003s ]
SQL: SELECT * FROM `weixin_item` WHERE `status` = 1 AND `cate_id` IN ('365','366','367',364) ORDER BY ordid,id DESC LIMIT 8   [ RunTime:0.0008s ]
INFO: Run Behavior\ParseTemplateBehavior [ RunTime:0.032652s ]
INFO: [ view_parse ] --END-- [ RunTime:0.032696s ]
INFO: [ view_filter ] --START--
INFO: Run Behavior\WriteHtmlCacheBehavior [ RunTime:0.000074s ]
INFO: Run Common\Behavior\ContentReplaceBehavior [ RunTime:0.000196s ]
INFO: [ view_filter ] --END-- [ RunTime:0.000323s ]
INFO: [ app_end ] --START--
INFO: Run Behavior\ShowPageTraceBehavior [ RunTime:0.000077s ]
INFO: [ app_end ] --END-- [ RunTime:0.000107s ]

[ 2015-01-19T23:40:40+08:00 ] 223.85.132.24 /
INFO: [ app_init ] --START--
INFO: Run Behavior\BuildLiteBehavior [ RunTime:0.000009s ]
INFO: [ app_init ] --END-- [ RunTime:0.000055s ]
INFO: [ app_begin ] --START--
INFO: Run Behavior\ReadHtmlCacheBehavior [ RunTime:0.000089s ]
SQL: SHOW COLUMNS FROM `weixin_ipban` [ RunTime:0.0007s ]
SQL: DELETE FROM `weixin_ipban` WHERE ( expires_time <> 0 AND expires_time < 1421682040 ) [ RunTime:0.0004s ]
SQL: SELECT COUNT(*) AS tp_count FROM `weixin_ipban` WHERE `type` = 'ip' AND `name` = '223.85.132.24' LIMIT 1   [ RunTime:0.0003s ]
INFO: Run Common\Behavior\CheckIpbanBehavior [ RunTime:0.003429s ]
INFO: Run Common\Behavior\LoadLangBehavior [ RunTime:0.000275s ]
INFO: [ app_begin ] --END-- [ RunTime:0.003855s ]
SQL: SHOW COLUMNS FROM `weixin_ad` [ RunTime:0.0009s ]
SQL: SELECT `url`,`content`,`desc` FROM `weixin_ad` WHERE ( board_id=1 and status=1 ) ORDER BY ordid asc  [ RunTime:0.0004s ]
SQL: SHOW COLUMNS FROM `weixin_item` [ RunTime:0.0013s ]
SQL: SELECT * FROM `weixin_item` WHERE `status` = 1 AND `news` = 1 ORDER BY ordid DESC LIMIT 6   [ RunTime:0.0008s ]
SQL: SELECT * FROM `weixin_item` WHERE `status` = 1 AND `tuijian` = 1 ORDER BY ordid DESC LIMIT 4   [ RunTime:0.0008s ]
SQL: SELECT * FROM `weixin_item` WHERE `status` = 1 AND `is_xiangou` = 1 ORDER BY ordid DESC LIMIT 4   [ RunTime:0.0008s ]
SQL: SELECT * FROM `weixin_item` WHERE `status` = 1 ORDER BY ordid DESC  [ RunTime:0.0078s ]
SQL: SHOW COLUMNS FROM `weixin_item_cate` [ RunTime:0.0009s ]
SQL: SELECT * FROM `weixin_item_cate` WHERE `pid` = 0 ORDER BY ordid DESC,id ASC  [ RunTime:0.0004s ]
SQL: SELECT * FROM `weixin_item_cate` WHERE `pid` = 344 ORDER BY ordid DESC,id ASC  [ RunTime:0.0004s ]
SQL: SELECT * FROM `weixin_item_cate` WHERE `pid` = 351 ORDER BY ordid DESC,id ASC  [ RunTime:0.0004s ]
SQL: SELECT * FROM `weixin_item_cate` WHERE `pid` = 352 ORDER BY ordid DESC,id ASC  [ RunTime:0.0004s ]
SQL: SELECT * FROM `weixin_item_cate` WHERE `pid` = 354 ORDER BY ordid DESC,id ASC  [ RunTime:0.0003s ]
SQL: SELECT * FROM `weixin_item_cate` WHERE `pid` = 342 ORDER BY ordid DESC,id ASC  [ RunTime:0.0004s ]
SQL: SELECT * FROM `weixin_item_cate` WHERE `pid` = 346 ORDER BY ordid DESC,id ASC  [ RunTime:0.0004s ]
SQL: SELECT * FROM `weixin_item_cate` WHERE `pid` = 347 ORDER BY ordid DESC,id ASC  [ RunTime:0.0003s ]
SQL: SELECT * FROM `weixin_item_cate` WHERE `pid` = 348 ORDER BY ordid DESC,id ASC  [ RunTime:0.0004s ]
SQL: SELECT * FROM `weixin_item_cate` WHERE `pid` = 343 ORDER BY ordid DESC,id ASC  [ RunTime:0.0004s ]
SQL: SELECT * FROM `weixin_item_cate` WHERE `pid` = 356 ORDER BY ordid DESC,id ASC  [ RunTime:0.0004s ]
SQL: SELECT * FROM `weixin_item_cate` WHERE `pid` = 364 ORDER BY ordid DESC,id ASC  [ RunTime:0.0004s ]
INFO: [ view_parse ] --START--
INFO: [ template_filter ] --START--
INFO: Run Behavior\ContentReplaceBehavior [ RunTime:0.000061s ]
INFO: [ template_filter ] --END-- [ RunTime:0.000095s ]
SQL: SHOW COLUMNS FROM `weixin_item_cate` [ RunTime:0.0009s ]
SQL: SELECT `spid` FROM `weixin_item_cate` WHERE `id` = 351 LIMIT 1   [ RunTime:0.0003s ]
SQL: SELECT `id` FROM `weixin_item_cate` WHERE `spid` LIKE '344|351|%'  [ RunTime:0.0003s ]
SQL: SELECT * FROM `weixin_item` WHERE `status` = 1 AND `cate_id` IN ('358','359','360','361',351) ORDER BY ordid,id DESC LIMIT 8   [ RunTime:0.0010s ]
SQL: SELECT `spid` FROM `weixin_item_cate` WHERE `id` = 352 LIMIT 1   [ RunTime:0.0003s ]
SQL: SELECT `id` FROM `weixin_item_cate` WHERE `spid` LIKE '344|352|%'  [ RunTime:0.0003s ]
NOTIC: [2] Invalid argument supplied for foreach() /home/maoyan.in/public_html/Application/Common/Model/ItemCateModel.class.php 第 36 行.
SQL: SELECT * FROM `weixin_item` WHERE `status` = 1 AND `cate_id` IN (352) ORDER BY ordid,id DESC LIMIT 8   [ RunTime:0.0007s ]
SQL: SELECT `spid` FROM `weixin_item_cate` WHERE `id` = 354 LIMIT 1   [ RunTime:0.0003s ]
SQL: SELECT `id` FROM `weixin_item_cate` WHERE `spid` LIKE '344|354|%'  [ RunTime:0.0003s ]
NOTIC: [2] Invalid argument supplied for foreach() /home/maoyan.in/public_html/Application/Common/Model/ItemCateModel.class.php 第 36 行.
SQL: SELECT * FROM `weixin_item` WHERE `status` = 1 AND `cate_id` IN (354) ORDER BY ordid,id DESC LIMIT 8   [ RunTime:0.0008s ]
SQL: SELECT `spid` FROM `weixin_item_cate` WHERE `id` = 346 LIMIT 1   [ RunTime:0.0003s ]
SQL: SELECT `id` FROM `weixin_item_cate` WHERE `spid` LIKE '342|346|%'  [ RunTime:0.0003s ]
NOTIC: [2] Invalid argument supplied for foreach() /home/maoyan.in/public_html/Application/Common/Model/ItemCateModel.class.php 第 36 行.
SQL: SELECT * FROM `weixin_item` WHERE `status` = 1 AND `cate_id` IN (346) ORDER BY ordid,id DESC LIMIT 8   [ RunTime:0.0008s ]
SQL: SELECT `spid` FROM `weixin_item_cate` WHERE `id` = 347 LIMIT 1   [ RunTime:0.0003s ]
SQL: SELECT `id` FROM `weixin_item_cate` WHERE `spid` LIKE '342|347|%'  [ RunTime:0.0003s ]
NOTIC: [2] Invalid argument supplied for foreach() /home/maoyan.in/public_html/Application/Common/Model/ItemCateModel.class.php 第 36 行.
SQL: SELECT * FROM `weixin_item` WHERE `status` = 1 AND `cate_id` IN (347) ORDER BY ordid,id DESC LIMIT 8   [ RunTime:0.0008s ]
SQL: SELECT `spid` FROM `weixin_item_cate` WHERE `id` = 348 LIMIT 1   [ RunTime:0.0003s ]
SQL: SELECT `id` FROM `weixin_item_cate` WHERE `spid` LIKE '342|348|%'  [ RunTime:0.0003s ]
NOTIC: [2] Invalid argument supplied for foreach() /home/maoyan.in/public_html/Application/Common/Model/ItemCateModel.class.php 第 36 行.
SQL: SELECT * FROM `weixin_item` WHERE `status` = 1 AND `cate_id` IN (348) ORDER BY ordid,id DESC LIMIT 8   [ RunTime:0.0006s ]
SQL: SELECT `spid` FROM `weixin_item_cate` WHERE `id` = 356 LIMIT 1   [ RunTime:0.0003s ]
SQL: SELECT `id` FROM `weixin_item_cate` WHERE `spid` LIKE '343|356|%'  [ RunTime:0.0003s ]
SQL: SELECT * FROM `weixin_item` WHERE `status` = 1 AND `cate_id` IN ('362','363',356) ORDER BY ordid,id DESC LIMIT 8   [ RunTime:0.0009s ]
SQL: SELECT `spid` FROM `weixin_item_cate` WHERE `id` = 364 LIMIT 1   [ RunTime:0.0003s ]
SQL: SELECT `id` FROM `weixin_item_cate` WHERE `spid` LIKE '343|364|%'  [ RunTime:0.0003s ]
SQL: SELECT * FROM `weixin_item` WHERE `status` = 1 AND `cate_id` IN ('365','366','367',364) ORDER BY ordid,id DESC LIMIT 8   [ RunTime:0.0008s ]
INFO: Run Behavior\ParseTemplateBehavior [ RunTime:0.032522s ]
INFO: [ view_parse ] --END-- [ RunTime:0.032556s ]
INFO: [ view_filter ] --START--
INFO: Run Behavior\WriteHtmlCacheBehavior [ RunTime:0.000065s ]
INFO: Run Common\Behavior\ContentReplaceBehavior [ RunTime:0.000215s ]
INFO: [ view_filter ] --END-- [ RunTime:0.000323s ]
INFO: [ app_end ] --START--
INFO: Run Behavior\ShowPageTraceBehavior [ RunTime:0.000067s ]
INFO: [ app_end ] --END-- [ RunTime:0.000098s ]

