[ 2015-02-10T11:14:22+08:00 ] 118.113.185.23 /index.php?g=admin&m=index&a=index
INFO: [ app_init ] --START--
INFO: Run Behavior\BuildLiteBehavior [ RunTime:0.000012s ]
INFO: [ app_init ] --END-- [ RunTime:0.000087s ]
INFO: [ app_begin ] --START--
INFO: Run Behavior\ReadHtmlCacheBehavior [ RunTime:0.000069s ]
SQL: SHOW COLUMNS FROM `weixin_ipban` [ RunTime:0.0007s ]
SQL: DELETE FROM `weixin_ipban` WHERE ( expires_time <> 0 AND expires_time < 1423538062 ) [ RunTime:0.0004s ]
SQL: SELECT COUNT(*) AS tp_count FROM `weixin_ipban` WHERE `type` = 'ip' AND `name` = '118.113.185.23' LIMIT 1   [ RunTime:0.0003s ]
INFO: Run Common\Behavior\CheckIpbanBehavior [ RunTime:0.003650s ]
INFO: Run Common\Behavior\LoadLangBehavior [ RunTime:0.000455s ]
INFO: [ app_begin ] --END-- [ RunTime:0.004238s ]

[ 2015-02-10T11:14:22+08:00 ] 118.113.185.23 /index.php?g=admin&m=index&a=login
INFO: [ app_init ] --START--
INFO: Run Behavior\BuildLiteBehavior [ RunTime:0.000008s ]
INFO: [ app_init ] --END-- [ RunTime:0.000051s ]
INFO: [ app_begin ] --START--
INFO: Run Behavior\ReadHtmlCacheBehavior [ RunTime:0.000057s ]
SQL: SHOW COLUMNS FROM `weixin_ipban` [ RunTime:0.0006s ]
SQL: DELETE FROM `weixin_ipban` WHERE ( expires_time <> 0 AND expires_time < 1423538062 ) [ RunTime:0.0003s ]
SQL: SELECT COUNT(*) AS tp_count FROM `weixin_ipban` WHERE `type` = 'ip' AND `name` = '118.113.185.23' LIMIT 1   [ RunTime:0.0003s ]
INFO: Run Common\Behavior\CheckIpbanBehavior [ RunTime:0.003293s ]
INFO: Run Common\Behavior\LoadLangBehavior [ RunTime:0.000433s ]
INFO: [ app_begin ] --END-- [ RunTime:0.003846s ]
SQL: SHOW COLUMNS FROM `weixin_menu` [ RunTime:0.0007s ]
SQL: SHOW COLUMNS FROM `weixin_item_order` [ RunTime:0.0009s ]
INFO: [ view_parse ] --START--
INFO: [ template_filter ] --START--
INFO: Run Behavior\ContentReplaceBehavior [ RunTime:0.000024s ]
INFO: [ template_filter ] --END-- [ RunTime:0.000055s ]
INFO: Run Behavior\ParseTemplateBehavior [ RunTime:0.001997s ]
INFO: [ view_parse ] --END-- [ RunTime:0.002038s ]
INFO: [ view_filter ] --START--
INFO: Run Behavior\WriteHtmlCacheBehavior [ RunTime:0.000070s ]
INFO: Run Common\Behavior\ContentReplaceBehavior [ RunTime:0.000116s ]
INFO: [ view_filter ] --END-- [ RunTime:0.000225s ]
INFO: [ app_end ] --START--
INFO: Run Behavior\ShowPageTraceBehavior [ RunTime:0.000080s ]
INFO: [ app_end ] --END-- [ RunTime:0.000105s ]

[ 2015-02-10T11:14:24+08:00 ] 118.113.185.23 /index.php?g=admin&m=index&a=login
INFO: [ app_init ] --START--
INFO: Run Behavior\BuildLiteBehavior [ RunTime:0.000011s ]
INFO: [ app_init ] --END-- [ RunTime:0.000077s ]
INFO: [ app_begin ] --START--
INFO: Run Behavior\ReadHtmlCacheBehavior [ RunTime:0.000058s ]
SQL: SHOW COLUMNS FROM `weixin_ipban` [ RunTime:0.0006s ]
SQL: DELETE FROM `weixin_ipban` WHERE ( expires_time <> 0 AND expires_time < 1423538064 ) [ RunTime:0.0003s ]
SQL: SELECT COUNT(*) AS tp_count FROM `weixin_ipban` WHERE `type` = 'ip' AND `name` = '118.113.185.23' LIMIT 1   [ RunTime:0.0003s ]
INFO: Run Common\Behavior\CheckIpbanBehavior [ RunTime:0.003314s ]
INFO: Run Common\Behavior\LoadLangBehavior [ RunTime:0.000451s ]
INFO: [ app_begin ] --END-- [ RunTime:0.003887s ]
SQL: SHOW COLUMNS FROM `weixin_menu` [ RunTime:0.0007s ]
SQL: SHOW COLUMNS FROM `weixin_item_order` [ RunTime:0.0009s ]
SQL: SHOW COLUMNS FROM `weixin_admin` [ RunTime:0.0006s ]
SQL: SELECT * FROM `weixin_admin` WHERE `username` = 'admin' AND `status` = 1 LIMIT 1   [ RunTime:0.0003s ]
SQL: UPDATE `weixin_admin` SET `last_time`='1423538064',`last_ip`='118.113.185.23' WHERE `id` = 2 [ RunTime:0.0003s ]
INFO: [ view_parse ] --START--
INFO: [ template_filter ] --START--
INFO: Run Behavior\ContentReplaceBehavior [ RunTime:0.000022s ]
INFO: [ template_filter ] --END-- [ RunTime:0.000052s ]
INFO: Run Behavior\ParseTemplateBehavior [ RunTime:0.001886s ]
INFO: [ view_parse ] --END-- [ RunTime:0.001918s ]
INFO: [ view_filter ] --START--
INFO: Run Behavior\WriteHtmlCacheBehavior [ RunTime:0.000060s ]
INFO: Run Common\Behavior\ContentReplaceBehavior [ RunTime:0.000104s ]
INFO: [ view_filter ] --END-- [ RunTime:0.000202s ]
INFO: [ app_end ] --START--
INFO: Run Behavior\ShowPageTraceBehavior [ RunTime:0.000059s ]
INFO: [ app_end ] --END-- [ RunTime:0.000083s ]

[ 2015-02-10T11:14:25+08:00 ] 118.113.185.23 /index.php?g=admin&m=index&a=index
INFO: [ app_init ] --START--
INFO: Run Behavior\BuildLiteBehavior [ RunTime:0.000012s ]
INFO: [ app_init ] --END-- [ RunTime:0.000096s ]
INFO: [ app_begin ] --START--
INFO: Run Behavior\ReadHtmlCacheBehavior [ RunTime:0.000070s ]
SQL: SHOW COLUMNS FROM `weixin_ipban` [ RunTime:0.0008s ]
SQL: DELETE FROM `weixin_ipban` WHERE ( expires_time <> 0 AND expires_time < 1423538065 ) [ RunTime:0.0003s ]
SQL: SELECT COUNT(*) AS tp_count FROM `weixin_ipban` WHERE `type` = 'ip' AND `name` = '118.113.185.23' LIMIT 1   [ RunTime:0.0003s ]
INFO: Run Common\Behavior\CheckIpbanBehavior [ RunTime:0.003621s ]
INFO: Run Common\Behavior\LoadLangBehavior [ RunTime:0.000502s ]
INFO: [ app_begin ] --END-- [ RunTime:0.004294s ]
SQL: SHOW COLUMNS FROM `weixin_menu` [ RunTime:0.0007s ]
SQL: SHOW COLUMNS FROM `weixin_item_order` [ RunTime:0.0011s ]
SQL: SHOW COLUMNS FROM `weixin_menu` [ RunTime:0.0006s ]
SQL: SELECT * FROM `weixin_menu` WHERE (  `pid` = 0 ) AND `display` = 1 ORDER BY ordid  [ RunTime:0.0004s ]
INFO: [ view_parse ] --START--
INFO: [ template_filter ] --START--
INFO: Run Behavior\ContentReplaceBehavior [ RunTime:0.000047s ]
INFO: [ template_filter ] --END-- [ RunTime:0.000097s ]
INFO: Run Behavior\ParseTemplateBehavior [ RunTime:0.004038s ]
INFO: [ view_parse ] --END-- [ RunTime:0.004069s ]
INFO: [ view_filter ] --START--
INFO: Run Behavior\WriteHtmlCacheBehavior [ RunTime:0.000070s ]
INFO: Run Common\Behavior\ContentReplaceBehavior [ RunTime:0.000122s ]
INFO: [ view_filter ] --END-- [ RunTime:0.000232s ]
INFO: [ app_end ] --START--
INFO: Run Behavior\ShowPageTraceBehavior [ RunTime:0.000070s ]
INFO: [ app_end ] --END-- [ RunTime:0.000095s ]

[ 2015-02-10T11:14:25+08:00 ] 118.113.185.23 /index.php?g=admin&m=index&a=panel
INFO: [ app_init ] --START--
INFO: Run Behavior\BuildLiteBehavior [ RunTime:0.000012s ]
INFO: [ app_init ] --END-- [ RunTime:0.000075s ]
INFO: [ app_begin ] --START--
INFO: Run Behavior\ReadHtmlCacheBehavior [ RunTime:0.000060s ]
SQL: SHOW COLUMNS FROM `weixin_ipban` [ RunTime:0.0007s ]
SQL: DELETE FROM `weixin_ipban` WHERE ( expires_time <> 0 AND expires_time < 1423538065 ) [ RunTime:0.0003s ]
SQL: SELECT COUNT(*) AS tp_count FROM `weixin_ipban` WHERE `type` = 'ip' AND `name` = '118.113.185.23' LIMIT 1   [ RunTime:0.0003s ]
INFO: Run Common\Behavior\CheckIpbanBehavior [ RunTime:0.003529s ]
INFO: Run Common\Behavior\LoadLangBehavior [ RunTime:0.000510s ]
INFO: [ app_begin ] --END-- [ RunTime:0.004167s ]
SQL: SHOW COLUMNS FROM `weixin_menu` [ RunTime:0.0008s ]
SQL: SHOW COLUMNS FROM `weixin_item_order` [ RunTime:0.0013s ]
NOTIC: [8] Use of undefined constant PIN_VERSION - assumed 'PIN_VERSION' /home/maoyan.in/public_html/Application/Admin/Action/IndexAction.class.php 第 44 行.
NOTIC: [8] Use of undefined constant PIN_RELEASE - assumed 'PIN_RELEASE' /home/maoyan.in/public_html/Application/Admin/Action/IndexAction.class.php 第 44 行.
NOTIC: [8192] mysql_get_server_info(): The mysql extension is deprecated and will be removed in the future: use mysqli or PDO instead /home/maoyan.in/public_html/Application/Admin/Action/IndexAction.class.php 第 49 行.
NOTIC: [2] mysql_get_server_info(): No such file or directory /home/maoyan.in/public_html/Application/Admin/Action/IndexAction.class.php 第 49 行.
NOTIC: [2] mysql_get_server_info(): A link to the server could not be established /home/maoyan.in/public_html/Application/Admin/Action/IndexAction.class.php 第 49 行.
SQL: SHOW COLUMNS FROM `weixin_item` [ RunTime:0.0017s ]
SQL: SELECT COUNT(*) AS tp_count FROM `weixin_item` WHERE ( status=1 ) LIMIT 1   [ RunTime:0.0007s ]
SQL: SELECT COUNT(*) AS tp_count FROM `weixin_item` WHERE ( status=0 ) LIMIT 1   [ RunTime:0.0005s ]
SQL: SELECT COUNT(*) AS tp_count FROM `weixin_item_order` WHERE ( status=1 ) LIMIT 1   [ RunTime:0.0005s ]
SQL: SELECT COUNT(*) AS tp_count FROM `weixin_item_order` WHERE ( status=2 ) LIMIT 1   [ RunTime:0.0004s ]
SQL: SELECT COUNT(*) AS tp_count FROM `weixin_item_order` WHERE ( status=3 ) LIMIT 1   [ RunTime:0.0003s ]
INFO: [ view_parse ] --START--
INFO: [ template_filter ] --START--
INFO: Run Behavior\ContentReplaceBehavior [ RunTime:0.000040s ]
INFO: [ template_filter ] --END-- [ RunTime:0.000083s ]
INFO: Run Behavior\ParseTemplateBehavior [ RunTime:0.003800s ]
INFO: [ view_parse ] --END-- [ RunTime:0.003846s ]
INFO: [ view_filter ] --START--
INFO: Run Behavior\WriteHtmlCacheBehavior [ RunTime:0.000065s ]
INFO: Run Common\Behavior\ContentReplaceBehavior [ RunTime:0.000121s ]
INFO: [ view_filter ] --END-- [ RunTime:0.000229s ]
INFO: [ app_end ] --START--
INFO: Run Behavior\ShowPageTraceBehavior [ RunTime:0.000062s ]
INFO: [ app_end ] --END-- [ RunTime:0.000087s ]

[ 2015-02-10T11:14:25+08:00 ] 118.113.185.23 /index.php?g=admin&m=index&a=left
INFO: [ app_init ] --START--
INFO: Run Behavior\BuildLiteBehavior [ RunTime:0.000011s ]
INFO: [ app_init ] --END-- [ RunTime:0.000075s ]
INFO: [ app_begin ] --START--
INFO: Run Behavior\ReadHtmlCacheBehavior [ RunTime:0.000059s ]
SQL: SHOW COLUMNS FROM `weixin_ipban` [ RunTime:0.0007s ]
SQL: DELETE FROM `weixin_ipban` WHERE ( expires_time <> 0 AND expires_time < 1423538065 ) [ RunTime:0.0004s ]
SQL: SELECT COUNT(*) AS tp_count FROM `weixin_ipban` WHERE `type` = 'ip' AND `name` = '118.113.185.23' LIMIT 1   [ RunTime:0.0003s ]
INFO: Run Common\Behavior\CheckIpbanBehavior [ RunTime:0.003583s ]
INFO: Run Common\Behavior\LoadLangBehavior [ RunTime:0.000434s ]
INFO: [ app_begin ] --END-- [ RunTime:0.004134s ]
SQL: SHOW COLUMNS FROM `weixin_menu` [ RunTime:0.0007s ]
SQL: SHOW COLUMNS FROM `weixin_item_order` [ RunTime:0.0009s ]
SQL: SELECT * FROM `weixin_menu` WHERE `often` = 1  [ RunTime:0.0004s ]
INFO: [ view_parse ] --START--
INFO: [ template_filter ] --START--
INFO: Run Behavior\ContentReplaceBehavior [ RunTime:0.000024s ]
INFO: [ template_filter ] --END-- [ RunTime:0.000053s ]
NOTIC: [8] Undefined index: data /home/maoyan.in/public_html/Application/Runtime/Cache/Admin/61fadfd8cde17e59c5271779ef7fd47c.php 第 3 行.
INFO: Run Behavior\ParseTemplateBehavior [ RunTime:0.003249s ]
INFO: [ view_parse ] --END-- [ RunTime:0.003276s ]
INFO: [ view_filter ] --START--
INFO: Run Behavior\WriteHtmlCacheBehavior [ RunTime:0.000059s ]
INFO: Run Common\Behavior\ContentReplaceBehavior [ RunTime:0.000103s ]
INFO: [ view_filter ] --END-- [ RunTime:0.000199s ]
INFO: [ app_end ] --START--
INFO: Run Behavior\ShowPageTraceBehavior [ RunTime:0.000056s ]
INFO: [ app_end ] --END-- [ RunTime:0.000078s ]

[ 2015-02-10T11:16:45+08:00 ] 119.147.146.189 /index.php?g=admin&m=index&a=index
INFO: [ app_init ] --START--
INFO: Run Behavior\BuildLiteBehavior [ RunTime:0.000011s ]
INFO: [ app_init ] --END-- [ RunTime:0.000089s ]
INFO: [ app_begin ] --START--
INFO: Run Behavior\ReadHtmlCacheBehavior [ RunTime:0.000071s ]
SQL: SHOW COLUMNS FROM `weixin_ipban` [ RunTime:0.0008s ]
SQL: DELETE FROM `weixin_ipban` WHERE ( expires_time <> 0 AND expires_time < 1423538205 ) [ RunTime:0.0003s ]
SQL: SELECT COUNT(*) AS tp_count FROM `weixin_ipban` WHERE `type` = 'ip' AND `name` = '119.147.146.189' LIMIT 1   [ RunTime:0.0003s ]
INFO: Run Common\Behavior\CheckIpbanBehavior [ RunTime:0.003707s ]
INFO: Run Common\Behavior\LoadLangBehavior [ RunTime:0.000485s ]
INFO: [ app_begin ] --END-- [ RunTime:0.004331s ]

[ 2015-02-10T11:16:46+08:00 ] 119.147.146.189 /index.php?g=admin&m=index&a=login
INFO: [ app_init ] --START--
INFO: Run Behavior\BuildLiteBehavior [ RunTime:0.000008s ]
INFO: [ app_init ] --END-- [ RunTime:0.000053s ]
INFO: [ app_begin ] --START--
INFO: Run Behavior\ReadHtmlCacheBehavior [ RunTime:0.000058s ]
SQL: SHOW COLUMNS FROM `weixin_ipban` [ RunTime:0.0006s ]
SQL: DELETE FROM `weixin_ipban` WHERE ( expires_time <> 0 AND expires_time < 1423538206 ) [ RunTime:0.0003s ]
SQL: SELECT COUNT(*) AS tp_count FROM `weixin_ipban` WHERE `type` = 'ip' AND `name` = '119.147.146.189' LIMIT 1   [ RunTime:0.0003s ]
INFO: Run Common\Behavior\CheckIpbanBehavior [ RunTime:0.003356s ]
INFO: Run Common\Behavior\LoadLangBehavior [ RunTime:0.000452s ]
INFO: [ app_begin ] --END-- [ RunTime:0.003930s ]
SQL: SHOW COLUMNS FROM `weixin_menu` [ RunTime:0.0007s ]
SQL: SHOW COLUMNS FROM `weixin_item_order` [ RunTime:0.0010s ]
INFO: [ view_parse ] --START--
INFO: [ template_filter ] --START--
INFO: Run Behavior\ContentReplaceBehavior [ RunTime:0.000025s ]
INFO: [ template_filter ] --END-- [ RunTime:0.000056s ]
INFO: Run Behavior\ParseTemplateBehavior [ RunTime:0.002066s ]
INFO: [ view_parse ] --END-- [ RunTime:0.002096s ]
INFO: [ view_filter ] --START--
INFO: Run Behavior\WriteHtmlCacheBehavior [ RunTime:0.000070s ]
INFO: Run Common\Behavior\ContentReplaceBehavior [ RunTime:0.000115s ]
INFO: [ view_filter ] --END-- [ RunTime:0.000225s ]
INFO: [ app_end ] --START--
INFO: Run Behavior\ShowPageTraceBehavior [ RunTime:0.000073s ]
INFO: [ app_end ] --END-- [ RunTime:0.000102s ]

[ 2015-02-10T11:16:46+08:00 ] 119.147.146.189 /index.php?g=admin&m=index&a=login
INFO: [ app_init ] --START--
INFO: Run Behavior\BuildLiteBehavior [ RunTime:0.000009s ]
INFO: [ app_init ] --END-- [ RunTime:0.000053s ]
INFO: [ app_begin ] --START--
INFO: Run Behavior\ReadHtmlCacheBehavior [ RunTime:0.000058s ]
SQL: SHOW COLUMNS FROM `weixin_ipban` [ RunTime:0.0007s ]
SQL: DELETE FROM `weixin_ipban` WHERE ( expires_time <> 0 AND expires_time < 1423538206 ) [ RunTime:0.0003s ]
SQL: SELECT COUNT(*) AS tp_count FROM `weixin_ipban` WHERE `type` = 'ip' AND `name` = '119.147.146.189' LIMIT 1   [ RunTime:0.0003s ]
INFO: Run Common\Behavior\CheckIpbanBehavior [ RunTime:0.003186s ]
INFO: Run Common\Behavior\LoadLangBehavior [ RunTime:0.000457s ]
INFO: [ app_begin ] --END-- [ RunTime:0.003766s ]
SQL: SHOW COLUMNS FROM `weixin_menu` [ RunTime:0.0007s ]
SQL: SHOW COLUMNS FROM `weixin_item_order` [ RunTime:0.0010s ]
INFO: [ view_parse ] --START--
INFO: [ template_filter ] --START--
INFO: Run Behavior\ContentReplaceBehavior [ RunTime:0.000023s ]
INFO: [ template_filter ] --END-- [ RunTime:0.000054s ]
INFO: Run Behavior\ParseTemplateBehavior [ RunTime:0.001902s ]
INFO: [ view_parse ] --END-- [ RunTime:0.001932s ]
INFO: [ view_filter ] --START--
INFO: Run Behavior\WriteHtmlCacheBehavior [ RunTime:0.000058s ]
INFO: Run Common\Behavior\ContentReplaceBehavior [ RunTime:0.000102s ]
INFO: [ view_filter ] --END-- [ RunTime:0.000199s ]
INFO: [ app_end ] --START--
INFO: Run Behavior\ShowPageTraceBehavior [ RunTime:0.000056s ]
INFO: [ app_end ] --END-- [ RunTime:0.000080s ]

[ 2015-02-10T11:16:54+08:00 ] 119.147.146.195 /index.php?g=admin&m=index&a=index
INFO: [ app_init ] --START--
INFO: Run Behavior\BuildLiteBehavior [ RunTime:0.000011s ]
INFO: [ app_init ] --END-- [ RunTime:0.000090s ]
INFO: [ app_begin ] --START--
INFO: Run Behavior\ReadHtmlCacheBehavior [ RunTime:0.000070s ]
SQL: SHOW COLUMNS FROM `weixin_ipban` [ RunTime:0.0006s ]
SQL: DELETE FROM `weixin_ipban` WHERE ( expires_time <> 0 AND expires_time < 1423538214 ) [ RunTime:0.0003s ]
SQL: SELECT COUNT(*) AS tp_count FROM `weixin_ipban` WHERE `type` = 'ip' AND `name` = '119.147.146.195' LIMIT 1   [ RunTime:0.0003s ]
INFO: Run Common\Behavior\CheckIpbanBehavior [ RunTime:0.003494s ]
INFO: Run Common\Behavior\LoadLangBehavior [ RunTime:0.000536s ]
INFO: [ app_begin ] --END-- [ RunTime:0.004180s ]

[ 2015-02-10T11:16:54+08:00 ] 119.147.146.195 /index.php?g=admin&m=index&a=login
INFO: [ app_init ] --START--
INFO: Run Behavior\BuildLiteBehavior [ RunTime:0.000011s ]
INFO: [ app_init ] --END-- [ RunTime:0.000079s ]
INFO: [ app_begin ] --START--
INFO: Run Behavior\ReadHtmlCacheBehavior [ RunTime:0.000064s ]
SQL: SHOW COLUMNS FROM `weixin_ipban` [ RunTime:0.0006s ]
SQL: DELETE FROM `weixin_ipban` WHERE ( expires_time <> 0 AND expires_time < 1423538214 ) [ RunTime:0.0003s ]
SQL: SELECT COUNT(*) AS tp_count FROM `weixin_ipban` WHERE `type` = 'ip' AND `name` = '119.147.146.195' LIMIT 1   [ RunTime:0.0003s ]
INFO: Run Common\Behavior\CheckIpbanBehavior [ RunTime:0.003289s ]
INFO: Run Common\Behavior\LoadLangBehavior [ RunTime:0.000448s ]
INFO: [ app_begin ] --END-- [ RunTime:0.003874s ]
SQL: SHOW COLUMNS FROM `weixin_menu` [ RunTime:0.0008s ]
SQL: SHOW COLUMNS FROM `weixin_item_order` [ RunTime:0.0012s ]
INFO: [ view_parse ] --START--
INFO: [ template_filter ] --START--
INFO: Run Behavior\ContentReplaceBehavior [ RunTime:0.000030s ]
INFO: [ template_filter ] --END-- [ RunTime:0.000073s ]
INFO: Run Behavior\ParseTemplateBehavior [ RunTime:0.002304s ]
INFO: [ view_parse ] --END-- [ RunTime:0.002336s ]
INFO: [ view_filter ] --START--
INFO: Run Behavior\WriteHtmlCacheBehavior [ RunTime:0.000076s ]
INFO: Run Common\Behavior\ContentReplaceBehavior [ RunTime:0.000121s ]
INFO: [ view_filter ] --END-- [ RunTime:0.000237s ]
INFO: [ app_end ] --START--
INFO: Run Behavior\ShowPageTraceBehavior [ RunTime:0.000072s ]
INFO: [ app_end ] --END-- [ RunTime:0.000098s ]

[ 2015-02-10T11:24:46+08:00 ] 101.226.66.192 /index.php?g=admin&m=index&a=index
INFO: [ app_init ] --START--
INFO: Run Behavior\BuildLiteBehavior [ RunTime:0.000011s ]
INFO: [ app_init ] --END-- [ RunTime:0.000086s ]
INFO: [ app_begin ] --START--
INFO: Run Behavior\ReadHtmlCacheBehavior [ RunTime:0.000078s ]
SQL: SHOW COLUMNS FROM `weixin_ipban` [ RunTime:0.0007s ]
SQL: DELETE FROM `weixin_ipban` WHERE ( expires_time <> 0 AND expires_time < 1423538686 ) [ RunTime:0.0003s ]
SQL: SELECT COUNT(*) AS tp_count FROM `weixin_ipban` WHERE `type` = 'ip' AND `name` = '101.226.66.192' LIMIT 1   [ RunTime:0.0003s ]
INFO: Run Common\Behavior\CheckIpbanBehavior [ RunTime:0.003635s ]
INFO: Run Common\Behavior\LoadLangBehavior [ RunTime:0.000496s ]
INFO: [ app_begin ] --END-- [ RunTime:0.004281s ]

[ 2015-02-10T11:24:46+08:00 ] 101.226.66.192 /index.php?g=admin&m=index&a=login
INFO: [ app_init ] --START--
INFO: Run Behavior\BuildLiteBehavior [ RunTime:0.000008s ]
INFO: [ app_init ] --END-- [ RunTime:0.000052s ]
INFO: [ app_begin ] --START--
INFO: Run Behavior\ReadHtmlCacheBehavior [ RunTime:0.000058s ]
SQL: SHOW COLUMNS FROM `weixin_ipban` [ RunTime:0.0007s ]
SQL: DELETE FROM `weixin_ipban` WHERE ( expires_time <> 0 AND expires_time < 1423538686 ) [ RunTime:0.0003s ]
SQL: SELECT COUNT(*) AS tp_count FROM `weixin_ipban` WHERE `type` = 'ip' AND `name` = '101.226.66.192' LIMIT 1   [ RunTime:0.0003s ]
INFO: Run Common\Behavior\CheckIpbanBehavior [ RunTime:0.003294s ]
INFO: Run Common\Behavior\LoadLangBehavior [ RunTime:0.000453s ]
INFO: [ app_begin ] --END-- [ RunTime:0.003871s ]
SQL: SHOW COLUMNS FROM `weixin_menu` [ RunTime:0.0007s ]
SQL: SHOW COLUMNS FROM `weixin_item_order` [ RunTime:0.0010s ]
INFO: [ view_parse ] --START--
INFO: [ template_filter ] --START--
INFO: Run Behavior\ContentReplaceBehavior [ RunTime:0.000025s ]
INFO: [ template_filter ] --END-- [ RunTime:0.000056s ]
INFO: Run Behavior\ParseTemplateBehavior [ RunTime:0.002122s ]
INFO: [ view_parse ] --END-- [ RunTime:0.002152s ]
INFO: [ view_filter ] --START--
INFO: Run Behavior\WriteHtmlCacheBehavior [ RunTime:0.000086s ]
INFO: Run Common\Behavior\ContentReplaceBehavior [ RunTime:0.000116s ]
INFO: [ view_filter ] --END-- [ RunTime:0.000243s ]
INFO: [ app_end ] --START--
INFO: Run Behavior\ShowPageTraceBehavior [ RunTime:0.000072s ]
INFO: [ app_end ] --END-- [ RunTime:0.000098s ]

[ 2015-02-10T11:25:45+08:00 ] 112.65.193.14 /index.php?g=admin&m=index&a=panel
INFO: [ app_init ] --START--
INFO: Run Behavior\BuildLiteBehavior [ RunTime:0.000012s ]
INFO: [ app_init ] --END-- [ RunTime:0.000094s ]
INFO: [ app_begin ] --START--
INFO: Run Behavior\ReadHtmlCacheBehavior [ RunTime:0.000078s ]
SQL: SHOW COLUMNS FROM `weixin_ipban` [ RunTime:0.0007s ]
SQL: DELETE FROM `weixin_ipban` WHERE ( expires_time <> 0 AND expires_time < 1423538745 ) [ RunTime:0.0003s ]
SQL: SELECT COUNT(*) AS tp_count FROM `weixin_ipban` WHERE `type` = 'ip' AND `name` = '112.65.193.14' LIMIT 1   [ RunTime:0.0003s ]
INFO: Run Common\Behavior\CheckIpbanBehavior [ RunTime:0.003731s ]
INFO: Run Common\Behavior\LoadLangBehavior [ RunTime:0.000491s ]
INFO: [ app_begin ] --END-- [ RunTime:0.004373s ]
SQL: SHOW COLUMNS FROM `weixin_menu` [ RunTime:0.0007s ]
SQL: SHOW COLUMNS FROM `weixin_item_order` [ RunTime:0.0009s ]
NOTIC: [8] Use of undefined constant PIN_VERSION - assumed 'PIN_VERSION' /home/maoyan.in/public_html/Application/Admin/Action/IndexAction.class.php 第 44 行.
NOTIC: [8] Use of undefined constant PIN_RELEASE - assumed 'PIN_RELEASE' /home/maoyan.in/public_html/Application/Admin/Action/IndexAction.class.php 第 44 行.
NOTIC: [8192] mysql_get_server_info(): The mysql extension is deprecated and will be removed in the future: use mysqli or PDO instead /home/maoyan.in/public_html/Application/Admin/Action/IndexAction.class.php 第 49 行.
NOTIC: [2] mysql_get_server_info(): No such file or directory /home/maoyan.in/public_html/Application/Admin/Action/IndexAction.class.php 第 49 行.
NOTIC: [2] mysql_get_server_info(): A link to the server could not be established /home/maoyan.in/public_html/Application/Admin/Action/IndexAction.class.php 第 49 行.
SQL: SHOW COLUMNS FROM `weixin_item` [ RunTime:0.0012s ]
SQL: SELECT COUNT(*) AS tp_count FROM `weixin_item` WHERE ( status=1 ) LIMIT 1   [ RunTime:0.0005s ]
SQL: SELECT COUNT(*) AS tp_count FROM `weixin_item` WHERE ( status=0 ) LIMIT 1   [ RunTime:0.0004s ]
SQL: SELECT COUNT(*) AS tp_count FROM `weixin_item_order` WHERE ( status=1 ) LIMIT 1   [ RunTime:0.0003s ]
SQL: SELECT COUNT(*) AS tp_count FROM `weixin_item_order` WHERE ( status=2 ) LIMIT 1   [ RunTime:0.0003s ]
SQL: SELECT COUNT(*) AS tp_count FROM `weixin_item_order` WHERE ( status=3 ) LIMIT 1   [ RunTime:0.0003s ]
INFO: [ view_parse ] --START--
INFO: [ template_filter ] --START--
INFO: Run Behavior\ContentReplaceBehavior [ RunTime:0.000033s ]
INFO: [ template_filter ] --END-- [ RunTime:0.000064s ]
INFO: Run Behavior\ParseTemplateBehavior [ RunTime:0.003455s ]
INFO: [ view_parse ] --END-- [ RunTime:0.003484s ]
INFO: [ view_filter ] --START--
INFO: Run Behavior\WriteHtmlCacheBehavior [ RunTime:0.000070s ]
INFO: Run Common\Behavior\ContentReplaceBehavior [ RunTime:0.000119s ]
INFO: [ view_filter ] --END-- [ RunTime:0.000228s ]
INFO: [ app_end ] --START--
INFO: Run Behavior\ShowPageTraceBehavior [ RunTime:0.000078s ]
INFO: [ app_end ] --END-- [ RunTime:0.000103s ]

[ 2015-02-10T11:41:01+08:00 ] 180.153.163.191 /index.php?g=admin&m=index&a=login
INFO: [ app_init ] --START--
INFO: Run Behavior\BuildLiteBehavior [ RunTime:0.000011s ]
INFO: [ app_init ] --END-- [ RunTime:0.000087s ]
INFO: [ app_begin ] --START--
INFO: Run Behavior\ReadHtmlCacheBehavior [ RunTime:0.000070s ]
SQL: SHOW COLUMNS FROM `weixin_ipban` [ RunTime:0.0007s ]
SQL: DELETE FROM `weixin_ipban` WHERE ( expires_time <> 0 AND expires_time < 1423539661 ) [ RunTime:0.0003s ]
SQL: SELECT COUNT(*) AS tp_count FROM `weixin_ipban` WHERE `type` = 'ip' AND `name` = '180.153.163.191' LIMIT 1   [ RunTime:0.0003s ]
INFO: Run Common\Behavior\CheckIpbanBehavior [ RunTime:0.003572s ]
INFO: Run Common\Behavior\LoadLangBehavior [ RunTime:0.000501s ]
INFO: [ app_begin ] --END-- [ RunTime:0.004211s ]
SQL: SHOW COLUMNS FROM `weixin_menu` [ RunTime:0.0007s ]
SQL: SHOW COLUMNS FROM `weixin_item_order` [ RunTime:0.0009s ]
INFO: [ view_parse ] --START--
INFO: [ template_filter ] --START--
INFO: Run Behavior\ContentReplaceBehavior [ RunTime:0.000025s ]
INFO: [ template_filter ] --END-- [ RunTime:0.000059s ]
INFO: Run Behavior\ParseTemplateBehavior [ RunTime:0.002028s ]
INFO: [ view_parse ] --END-- [ RunTime:0.002062s ]
INFO: [ view_filter ] --START--
INFO: Run Behavior\WriteHtmlCacheBehavior [ RunTime:0.000116s ]
INFO: Run Common\Behavior\ContentReplaceBehavior [ RunTime:0.000120s ]
INFO: [ view_filter ] --END-- [ RunTime:0.000278s ]
INFO: [ app_end ] --START--
INFO: Run Behavior\ShowPageTraceBehavior [ RunTime:0.000078s ]
INFO: [ app_end ] --END-- [ RunTime:0.000104s ]

